# JRE version: Java(TM) SE Runtime Environment (8.0_121-b13) (build 1.8.0_121-b13)
# Java VM: Java HotSpot(TM) 64-Bit Server VM (25.121-b13 mixed mode windows-amd64 compressed oops)
Heap:
 PSYoungGen      total 470528K, used 262749K [0x000000076b180000, 0x000000078ed00000, 0x00000007c0000000)
  eden space 454656K, 54% used [0x000000076b180000,0x000000077a29c720,0x0000000786d80000)
  from space 15872K, 99% used [0x0000000786d80000,0x0000000787cfaf58,0x0000000787d00000)
  to   space 19968K, 0% used [0x000000078d980000,0x000000078d980000,0x000000078ed00000)
 ParOldGen       total 163328K, used 24857K [0x00000006c1400000, 0x00000006cb380000, 0x000000076b180000)
  object space 163328K, 15% used [0x00000006c1400000,0x00000006c2c465e8,0x00000006cb380000)
 Metaspace       used 50430K, capacity 51961K, committed 52184K, reserved 1095680K
  class space    used 5608K, capacity 5880K, committed 5888K, reserved 1048576K
GC Heap History (10 events):
Event: 3.524 GC heap before
{Heap before GC invocations=7 (full 1):
 PSYoungGen      total 269824K, used 269740K [0x000000076b180000, 0x000000077e380000, 0x00000007c0000000)
  eden space 259072K, 100% used [0x000000076b180000,0x000000077ae80000,0x000000077ae80000)
  from space 10752K, 99% used [0x000000077ae80000,0x000000077b8eb188,0x000000077b900000)
  to   space 12800K, 0% used [0x000000077d700000,0x000000077d700000,0x000000077e380000)
 ParOldGen       total 111616K, used 11548K [0x00000006c1400000, 0x00000006c8100000, 0x000000076b180000)
  object space 111616K, 10% used [0x00000006c1400000,0x00000006c1f47038,0x00000006c8100000)
 Metaspace       used 34589K, capacity 34944K, committed 35416K, reserved 1081344K
  class space    used 4098K, capacity 4198K, committed 4224K, reserved 1048576K
Event: 3.532 GC heap after
Heap after GC invocations=7 (full 1):
 PSYoungGen      total 299008K, used 12476K [0x000000076b180000, 0x0000000784500000, 0x00000007c0000000)
  eden space 286208K, 0% used [0x000000076b180000,0x000000076b180000,0x000000077c900000)
  from space 12800K, 97% used [0x000000077d700000,0x000000077e32f2e8,0x000000077e380000)
  to   space 14336K, 0% used [0x000000077c900000,0x000000077c900000,0x000000077d700000)
 ParOldGen       total 111616K, used 11556K [0x00000006c1400000, 0x00000006c8100000, 0x000000076b180000)
  object space 111616K, 10% used [0x00000006c1400000,0x00000006c1f49038,0x00000006c8100000)
 Metaspace       used 34589K, capacity 34944K, committed 35416K, reserved 1081344K
  class space    used 4098K, capacity 4198K, committed 4224K, reserved 1048576K
}
Event: 3.737 GC heap before
{Heap before GC invocations=8 (full 1):
 PSYoungGen      total 299008K, used 133769K [0x000000076b180000, 0x0000000784500000, 0x00000007c0000000)
  eden space 286208K, 42% used [0x000000076b180000,0x00000007727f3468,0x000000077c900000)
  from space 12800K, 97% used [0x000000077d700000,0x000000077e32f2e8,0x000000077e380000)
  to   space 14336K, 0% used [0x000000077c900000,0x000000077c900000,0x000000077d700000)
 ParOldGen       total 111616K, used 11556K [0x00000006c1400000, 0x00000006c8100000, 0x000000076b180000)
  object space 111616K, 10% used [0x00000006c1400000,0x00000006c1f49038,0x00000006c8100000)
 Metaspace       used 34847K, capacity 35279K, committed 35416K, reserved 1081344K
  class space    used 4119K, capacity 4223K, committed 4224K, reserved 1048576K
Event: 3.757 GC heap after
Heap after GC invocations=8 (full 1):
 PSYoungGen      total 300544K, used 13131K [0x000000076b180000, 0x0000000789780000, 0x00000007c0000000)
  eden space 286208K, 0% used [0x000000076b180000,0x000000076b180000,0x000000077c900000)
  from space 14336K, 91% used [0x000000077c900000,0x000000077d5d2fb0,0x000000077d700000)
  to   space 15360K, 0% used [0x0000000788880000,0x0000000788880000,0x0000000789780000)
 ParOldGen       total 111616K, used 11564K [0x00000006c1400000, 0x00000006c8100000, 0x000000076b180000)
  object space 111616K, 10% used [0x00000006c1400000,0x00000006c1f4b038,0x00000006c8100000)
 Metaspace       used 34847K, capacity 35279K, committed 35416K, reserved 1081344K
  class space    used 4119K, capacity 4223K, committed 4224K, reserved 1048576K
}
Event: 3.757 GC heap before
{Heap before GC invocations=9 (full 2):
 PSYoungGen      total 300544K, used 13131K [0x000000076b180000, 0x0000000789780000, 0x00000007c0000000)
  eden space 286208K, 0% used [0x000000076b180000,0x000000076b180000,0x000000077c900000)
  from space 14336K, 91% used [0x000000077c900000,0x000000077d5d2fb0,0x000000077d700000)
  to   space 15360K, 0% used [0x0000000788880000,0x0000000788880000,0x0000000789780000)
 ParOldGen       total 111616K, used 11564K [0x00000006c1400000, 0x00000006c8100000, 0x000000076b180000)
  object space 111616K, 10% used [0x00000006c1400000,0x00000006c1f4b038,0x00000006c8100000)
 Metaspace       used 34847K, capacity 35279K, committed 35416K, reserved 1081344K
  class space    used 4119K, capacity 4223K, committed 4224K, reserved 1048576K
Event: 3.832 GC heap after
Heap after GC invocations=9 (full 2):
 PSYoungGen      total 300544K, used 0K [0x000000076b180000, 0x0000000789780000, 0x00000007c0000000)
  eden space 286208K, 0% used [0x000000076b180000,0x000000076b180000,0x000000077c900000)
  from space 14336K, 0% used [0x000000077c900000,0x000000077c900000,0x000000077d700000)
  to   space 15360K, 0% used [0x0000000788880000,0x0000000788880000,0x0000000789780000)
 ParOldGen       total 163328K, used 20112K [0x00000006c1400000, 0x00000006cb380000, 0x000000076b180000)
  object space 163328K, 12% used [0x00000006c1400000,0x00000006c27a41b0,0x00000006cb380000)
 Metaspace       used 34847K, capacity 35279K, committed 35416K, reserved 1081344K
  class space    used 4119K, capacity 4223K, committed 4224K, reserved 1048576K
}
Event: 4.289 GC heap before
{Heap before GC invocations=10 (full 2):
 PSYoungGen      total 300544K, used 286208K [0x000000076b180000, 0x0000000789780000, 0x00000007c0000000)
  eden space 286208K, 100% used [0x000000076b180000,0x000000077c900000,0x000000077c900000)
  from space 14336K, 0% used [0x000000077c900000,0x000000077c900000,0x000000077d700000)
  to   space 15360K, 0% used [0x0000000788880000,0x0000000788880000,0x0000000789780000)
 ParOldGen       total 163328K, used 20112K [0x00000006c1400000, 0x00000006cb380000, 0x000000076b180000)
  object space 163328K, 12% used [0x00000006c1400000,0x00000006c27a41b0,0x00000006cb380000)
 Metaspace       used 35520K, capacity 35957K, committed 36312K, reserved 1081344K
  class space    used 4149K, capacity 4256K, committed 4352K, reserved 1048576K
Event: 4.293 GC heap after
Heap after GC invocations=10 (full 2):
 PSYoungGen      total 435712K, used 3792K [0x000000076b180000, 0x0000000788c80000, 0x00000007c0000000)
  eden space 431616K, 0% used [0x000000076b180000,0x000000076b180000,0x0000000785700000)
  from space 4096K, 92% used [0x0000000788880000,0x0000000788c34040,0x0000000788c80000)
  to   space 15872K, 0% used [0x0000000786d80000,0x0000000786d80000,0x0000000787d00000)
 ParOldGen       total 163328K, used 20120K [0x00000006c1400000, 0x00000006cb380000, 0x000000076b180000)
  object space 163328K, 12% used [0x00000006c1400000,0x00000006c27a61b0,0x00000006cb380000)
 Metaspace       used 35520K, capacity 35957K, committed 36312K, reserved 1081344K
  class space    used 4149K, capacity 4256K, committed 4352K, reserved 1048576K
}
Event: 32.684 GC heap before
{Heap before GC invocations=11 (full 2):
 PSYoungGen      total 435712K, used 435408K [0x000000076b180000, 0x0000000788c80000, 0x00000007c0000000)
  eden space 431616K, 100% used [0x000000076b180000,0x0000000785700000,0x0000000785700000)
  from space 4096K, 92% used [0x0000000788880000,0x0000000788c34040,0x0000000788c80000)
  to   space 15872K, 0% used [0x0000000786d80000,0x0000000786d80000,0x0000000787d00000)
 ParOldGen       total 163328K, used 20120K [0x00000006c1400000, 0x00000006cb380000, 0x000000076b180000)
  object space 163328K, 12% used [0x00000006c1400000,0x00000006c27a61b0,0x00000006cb380000)
 Metaspace       used 46618K, capacity 47829K, committed 48088K, reserved 1091584K
  class space    used 5339K, capacity 5566K, committed 5632K, reserved 1048576K
Event: 32.715 GC heap after
Heap after GC invocations=11 (full 2):
 PSYoungGen      total 470528K, used 15851K [0x000000076b180000, 0x000000078ed00000, 0x00000007c0000000)
  eden space 454656K, 0% used [0x000000076b180000,0x000000076b180000,0x0000000786d80000)
  from space 15872K, 99% used [0x0000000786d80000,0x0000000787cfaf58,0x0000000787d00000)
  to   space 19968K, 0% used [0x000000078d980000,0x000000078d980000,0x000000078ed00000)
 ParOldGen       total 163328K, used 24857K [0x00000006c1400000, 0x00000006cb380000, 0x000000076b180000)
  object space 163328K, 15% used [0x00000006c1400000,0x00000006c2c465e8,0x00000006cb380000)
 Metaspace       used 46618K, capacity 47829K, committed 48088K, reserved 1091584K
  class space    used 5339K, capacity 5566K, committed 5632K, reserved 1048576K
}

